c:\users\28407\source\time\time\release\vc143.pdb
c:\users\28407\source\time\time\release\timecalc.obj
c:\users\28407\source\time\time\release\time.obj
c:\users\28407\source\time\time\release\json_writer.obj
c:\users\28407\source\time\time\release\json_value.obj
c:\users\28407\source\time\time\release\json_reader.obj
c:\users\28407\source\time\release\time.exe
c:\users\28407\source\time\time\release\time.ipdb
c:\users\28407\source\time\time\release\time.iobj
c:\users\28407\source\time\release\time.pdb
c:\users\28407\source\time\time\release\time.res
c:\users\28407\source\time\time\release\time.tlog\cl.command.1.tlog
c:\users\28407\source\time\time\release\time.tlog\cl.read.1.tlog
c:\users\28407\source\time\time\release\time.tlog\cl.write.1.tlog
c:\users\28407\source\time\time\release\time.tlog\link.command.1.tlog
c:\users\28407\source\time\time\release\time.tlog\link.read.1.tlog
c:\users\28407\source\time\time\release\time.tlog\link.write.1.tlog
c:\users\28407\source\time\time\release\time.tlog\rc.command.1.tlog
c:\users\28407\source\time\time\release\time.tlog\rc.read.1.tlog
c:\users\28407\source\time\time\release\time.tlog\rc.write.1.tlog
