c:\users\28407\onedrive\文档\visual studio 2022\projects\time\time\x64\release\vc143.pdb
c:\users\28407\onedrive\文档\visual studio 2022\projects\time\time\x64\release\timecalc.obj
c:\users\28407\onedrive\文档\visual studio 2022\projects\time\time\x64\release\time.obj
c:\users\28407\onedrive\文档\visual studio 2022\projects\time\time\x64\release\json_writer.obj
c:\users\28407\onedrive\文档\visual studio 2022\projects\time\time\x64\release\json_value.obj
c:\users\28407\onedrive\文档\visual studio 2022\projects\time\time\x64\release\json_reader.obj
c:\users\28407\onedrive\文档\visual studio 2022\projects\time\x64\release\time.exe
c:\users\28407\onedrive\文档\visual studio 2022\projects\time\time\x64\release\time.ipdb
c:\users\28407\onedrive\文档\visual studio 2022\projects\time\x64\release\time.pdb
c:\users\28407\onedrive\文档\visual studio 2022\projects\time\time\x64\release\time.iobj
c:\users\28407\onedrive\文档\visual studio 2022\projects\time\time\x64\release\time.res
c:\users\28407\onedrive\文档\visual studio 2022\projects\time\time\x64\release\time.tlog\cl.command.1.tlog
c:\users\28407\onedrive\文档\visual studio 2022\projects\time\time\x64\release\time.tlog\cl.read.1.tlog
c:\users\28407\onedrive\文档\visual studio 2022\projects\time\time\x64\release\time.tlog\cl.write.1.tlog
c:\users\28407\onedrive\文档\visual studio 2022\projects\time\time\x64\release\time.tlog\link.command.1.tlog
c:\users\28407\onedrive\文档\visual studio 2022\projects\time\time\x64\release\time.tlog\link.read.1.tlog
c:\users\28407\onedrive\文档\visual studio 2022\projects\time\time\x64\release\time.tlog\link.write.1.tlog
c:\users\28407\onedrive\文档\visual studio 2022\projects\time\time\x64\release\time.tlog\rc.command.1.tlog
c:\users\28407\onedrive\文档\visual studio 2022\projects\time\time\x64\release\time.tlog\rc.read.1.tlog
c:\users\28407\onedrive\文档\visual studio 2022\projects\time\time\x64\release\time.tlog\rc.write.1.tlog
